Started GET "/" for 127.0.0.1 at 2021-10-13 16:17:51 +0800
  [1m[35m (0.9ms)[0m  [1m[34mSELECT sqlite_version(*)[0m
  [1m[35m (0.7ms)[0m  [1m[34mSELECT "schema_migrations"."version" FROM "schema_migrations" ORDER BY "schema_migrations"."version" ASC[0m
Processing by StaticPagesController#home as HTML
  Rendering layout layouts/application.html.erb
  Rendering static_pages/home.html.erb within layouts/application
  Rendered static_pages/home.html.erb within layouts/application (Duration: 0.7ms | Allocations: 400)
[Webpacker] Compiling...
[Webpacker] Compilation failed:
yarn run v1.22.15
info Visit https://yarnpkg.com/en/docs/cli/run for documentation about this command.


error Command "webpack" not found.

  Rendered layout layouts/application.html.erb (Duration: 1490.7ms | Allocations: 9459)
Completed 500 Internal Server Error in 1503ms (ActiveRecord: 0.0ms | Allocations: 12935)


  
ActionView::Template::Error (Webpacker can't find application.js in /home/rashdan/sample_app/public/packs/manifest.json. Possible causes:
1. You want to set webpacker.yml value of compile to true for your environment
   unless you are using the `webpack -w` or the webpack-dev-server.
2. webpack has not yet re-run to reflect updates.
3. You have misconfigured Webpacker's config/webpacker.yml file.
4. Your webpack configuration is not creating a manifest.
Your manifest contains:
{
}
):
     8:     <%= csrf_meta_tags %>
     9:     <%= csp_meta_tag %>
    10:     <%= stylesheet_link_tag 'application', media: 'all', 'data-turbolinks-track': 'reload' %>
    11:     <%= javascript_pack_tag 'application', 'data-turbolinks-track': 'reload' %>
    12:   </head>
    13: 
    14:   <body>
  
app/views/layouts/application.html.erb:11
Started GET "/" for 127.0.0.1 at 2021-10-13 16:23:20 +0800
Processing by StaticPagesController#home as HTML
  Rendering layout layouts/application.html.erb
  Rendering static_pages/home.html.erb within layouts/application
  Rendered static_pages/home.html.erb within layouts/application (Duration: 0.3ms | Allocations: 169)
[Webpacker] Compiling...
[Webpacker] Compilation failed:
yarn run v1.22.15
info Visit https://yarnpkg.com/en/docs/cli/run for documentation about this command.


error Command "webpack" not found.

  Rendered layout layouts/application.html.erb (Duration: 665.6ms | Allocations: 5316)
Completed 500 Internal Server Error in 668ms (ActiveRecord: 0.0ms | Allocations: 6595)


  
ActionView::Template::Error (Webpacker can't find application.js in /home/rashdan/sample_app/public/packs/manifest.json. Possible causes:
1. You want to set webpacker.yml value of compile to true for your environment
   unless you are using the `webpack -w` or the webpack-dev-server.
2. webpack has not yet re-run to reflect updates.
3. You have misconfigured Webpacker's config/webpacker.yml file.
4. Your webpack configuration is not creating a manifest.
Your manifest contains:
{
}
):
     8:     <%= csrf_meta_tags %>
     9:     <%= csp_meta_tag %>
    10:     <%= stylesheet_link_tag 'application', media: 'all', 'data-turbolinks-track': 'reload' %>
    11:     <%= javascript_pack_tag 'application', 'data-turbolinks-track': 'reload' %>
    12:   </head>
    13: 
    14:   <body>
  
app/views/layouts/application.html.erb:11
  [1m[35m (0.5ms)[0m  [1m[34mSELECT sqlite_version(*)[0m
  [1m[36mTRANSACTION (0.1ms)[0m  [1m[36mbegin transaction[0m
  [1m[36mUser Exists? (0.7ms)[0m  [1m[34mSELECT 1 AS one FROM "users" WHERE "users"."email" = ? LIMIT ?[0m  [["email", "rashdanazizan.idris@gmail.com"], ["LIMIT", 1]]
  [1m[36mTRANSACTION (0.1ms)[0m  [1m[31mrollback transaction[0m
  [1m[36mTRANSACTION (0.1ms)[0m  [1m[36mbegin transaction[0m
  [1m[36mUser Exists? (0.2ms)[0m  [1m[34mSELECT 1 AS one FROM "users" WHERE "users"."email" = ? LIMIT ?[0m  [["email", "rashdanazizan.idris@gmail.com"], ["LIMIT", 1]]
  [1m[36mUser Create (3.1ms)[0m  [1m[32mINSERT INTO "users" ("name", "email", "created_at", "updated_at", "password_digest") VALUES (?, ?, ?, ?, ?)[0m  [["name", "Rashdan"], ["email", "rashdanazizan.idris@gmail.com"], ["created_at", "2021-10-13 08:36:31.017138"], ["updated_at", "2021-10-13 08:36:31.017138"], ["password_digest", "$2a$12$5OBgHkbVhAULTUWXBKWzI.E.vQw8nEW21Mhqlf1Wydb2xVp4jNpsy"]]
  [1m[36mTRANSACTION (5.7ms)[0m  [1m[36mcommit transaction[0m
Started GET "/" for 127.0.0.1 at 2021-10-13 16:40:41 +0800
Processing by StaticPagesController#home as HTML
  Rendering layout layouts/application.html.erb
  Rendering static_pages/home.html.erb within layouts/application
  Rendered static_pages/home.html.erb within layouts/application (Duration: 0.4ms | Allocations: 169)
[Webpacker] Compiling...
[Webpacker] Compilation failed:
yarn run v1.22.15
info Visit https://yarnpkg.com/en/docs/cli/run for documentation about this command.


error Command "webpack" not found.

  Rendered layout layouts/application.html.erb (Duration: 646.3ms | Allocations: 5278)
Completed 500 Internal Server Error in 648ms (Allocations: 6637)


  
ActionView::Template::Error (Webpacker can't find application.js in /home/rashdan/sample_app/public/packs/manifest.json. Possible causes:
1. You want to set webpacker.yml value of compile to true for your environment
   unless you are using the `webpack -w` or the webpack-dev-server.
2. webpack has not yet re-run to reflect updates.
3. You have misconfigured Webpacker's config/webpacker.yml file.
4. Your webpack configuration is not creating a manifest.
Your manifest contains:
{
}
):
     8:     <%= csrf_meta_tags %>
     9:     <%= csp_meta_tag %>
    10:     <%= stylesheet_link_tag 'application', media: 'all', 'data-turbolinks-track': 'reload' %>
    11:     <%= javascript_pack_tag 'application', 'data-turbolinks-track': 'reload' %>
    12:   </head>
    13: 
    14:   <body>
  
app/views/layouts/application.html.erb:11
Started GET "/users/9" for 127.0.0.1 at 2021-10-13 16:40:55 +0800
  
ActionController::RoutingError (No route matches [GET] "/users/9"):
  
Started GET "/users/9" for 127.0.0.1 at 2021-10-13 16:44:21 +0800
  
ActionController::RoutingError (No route matches [GET] "/users/9"):
  
Started GET "/" for 127.0.0.1 at 2021-10-13 16:44:30 +0800
Processing by StaticPagesController#home as HTML
  Rendering layout layouts/application.html.erb
  Rendering static_pages/home.html.erb within layouts/application
  Rendered static_pages/home.html.erb within layouts/application (Duration: 0.1ms | Allocations: 39)
[Webpacker] Compiling...
[Webpacker] Compilation failed:
yarn run v1.22.15
info Visit https://yarnpkg.com/en/docs/cli/run for documentation about this command.


error Command "webpack" not found.

  Rendered layout layouts/application.html.erb (Duration: 735.0ms | Allocations: 12326)
Completed 500 Internal Server Error in 736ms (Allocations: 12712)


  
ActionView::Template::Error (Webpacker can't find application.js in /home/rashdan/sample_app/public/packs/manifest.json. Possible causes:
1. You want to set webpacker.yml value of compile to true for your environment
   unless you are using the `webpack -w` or the webpack-dev-server.
2. webpack has not yet re-run to reflect updates.
3. You have misconfigured Webpacker's config/webpacker.yml file.
4. Your webpack configuration is not creating a manifest.
Your manifest contains:
{
}
):
     8:     <%= csrf_meta_tags %>
     9:     <%= csp_meta_tag %>
    10:     <%= stylesheet_link_tag 'application', media: 'all', 'data-turbolinks-track': 'reload' %>
    11:     <%= javascript_pack_tag 'application', 'data-turbolinks-track': 'reload' %>
    12:   </head>
    13: 
    14:   <body>
  
app/views/layouts/application.html.erb:11
Started GET "/signup" for 127.0.0.1 at 2021-10-13 16:48:30 +0800
Processing by UsersController#new as HTML
  [1m[35m (0.1ms)[0m  [1m[34mSELECT sqlite_version(*)[0m
  ↳ app/controllers/users_controller.rb:11:in `new'
  Rendering layout layouts/application.html.erb
  Rendering users/new.html.erb within layouts/application
  Rendered users/new.html.erb within layouts/application (Duration: 12.4ms | Allocations: 2988)
[Webpacker] Compiling...
[Webpacker] Compilation failed:
yarn run v1.22.15
info Visit https://yarnpkg.com/en/docs/cli/run for documentation about this command.


error Command "webpack" not found.

  Rendered layout layouts/application.html.erb (Duration: 683.0ms | Allocations: 7814)
Completed 500 Internal Server Error in 696ms (ActiveRecord: 0.9ms | Allocations: 14415)


  
ActionView::Template::Error (Webpacker can't find application.js in /home/rashdan/sample_app/public/packs/manifest.json. Possible causes:
1. You want to set webpacker.yml value of compile to true for your environment
   unless you are using the `webpack -w` or the webpack-dev-server.
2. webpack has not yet re-run to reflect updates.
3. You have misconfigured Webpacker's config/webpacker.yml file.
4. Your webpack configuration is not creating a manifest.
Your manifest contains:
{
}
):
     8:     <%= csrf_meta_tags %>
     9:     <%= csp_meta_tag %>
    10:     <%= stylesheet_link_tag 'application', media: 'all', 'data-turbolinks-track': 'reload' %>
    11:     <%= javascript_pack_tag 'application', 'data-turbolinks-track': 'reload' %>
    12:   </head>
    13: 
    14:   <body>
  
app/views/layouts/application.html.erb:11
Started GET "/signup" for 127.0.0.1 at 2021-10-13 16:56:32 +0800
Processing by UsersController#new as HTML
  Rendering layout layouts/application.html.erb
  Rendering users/new.html.erb within layouts/application
  Rendered users/new.html.erb within layouts/application (Duration: 1.5ms | Allocations: 987)
[Webpacker] Compiling...
[Webpacker] Compilation failed:
yarn run v1.22.15
info Visit https://yarnpkg.com/en/docs/cli/run for documentation about this command.


error Command "webpack" not found.

  Rendered layout layouts/application.html.erb (Duration: 664.9ms | Allocations: 5587)
Completed 500 Internal Server Error in 666ms (Allocations: 6008)


  
ActionView::Template::Error (Webpacker can't find application.js in /home/rashdan/sample_app/public/packs/manifest.json. Possible causes:
1. You want to set webpacker.yml value of compile to true for your environment
   unless you are using the `webpack -w` or the webpack-dev-server.
2. webpack has not yet re-run to reflect updates.
3. You have misconfigured Webpacker's config/webpacker.yml file.
4. Your webpack configuration is not creating a manifest.
Your manifest contains:
{
}
):
     8:     <%= csrf_meta_tags %>
     9:     <%= csp_meta_tag %>
    10:     <%= stylesheet_link_tag 'application', media: 'all', 'data-turbolinks-track': 'reload' %>
    11:     <%= javascript_pack_tag 'application', 'data-turbolinks-track': 'reload' %>
    12:   </head>
    13: 
    14:   <body>
  
app/views/layouts/application.html.erb:11
Started GET "/signup" for 127.0.0.1 at 2021-10-13 17:01:48 +0800
Processing by UsersController#new as HTML
  Rendering layout layouts/application.html.erb
  Rendering users/new.html.erb within layouts/application
  Rendered users/new.html.erb within layouts/application (Duration: 1.5ms | Allocations: 951)
[Webpacker] Compiling...
[Webpacker] Compilation failed:
yarn run v1.22.15
info Visit https://yarnpkg.com/en/docs/cli/run for documentation about this command.


error Command "webpack" not found.

  Rendered layout layouts/application.html.erb (Duration: 651.8ms | Allocations: 5552)
Completed 500 Internal Server Error in 653ms (Allocations: 5927)


  
ActionView::Template::Error (Webpacker can't find application.js in /home/rashdan/sample_app/public/packs/manifest.json. Possible causes:
1. You want to set webpacker.yml value of compile to true for your environment
   unless you are using the `webpack -w` or the webpack-dev-server.
2. webpack has not yet re-run to reflect updates.
3. You have misconfigured Webpacker's config/webpacker.yml file.
4. Your webpack configuration is not creating a manifest.
Your manifest contains:
{
}
):
     8:     <%= csrf_meta_tags %>
     9:     <%= csp_meta_tag %>
    10:     <%= stylesheet_link_tag 'application', media: 'all', 'data-turbolinks-track': 'reload' %>
    11:     <%= javascript_pack_tag 'application', 'data-turbolinks-track': 'reload' %>
    12:   </head>
    13: 
    14:   <body>
  
app/views/layouts/application.html.erb:11
